This is pdfTeX, Version 3.14159265-2.6-1.40.20 (TeX Live 2019) (preloaded format=pdflatex 2019.10.23)  17 NOV 2020 10:46
entering extended mode
 restricted \write18 enabled.
 file:line:error style messages enabled.
 %&-line parsing enabled.
**credit_distribution.tex
(./credit_distribution.tex
LaTeX2e <2018-12-01>
(/usr/local/texlive/2019/texmf-dist/tex/latex/elsarticle/elsarticle.cls
Document Class: elsarticle 2019/02/25, 3.2: Elsevier Ltd
\@bls=\dimen102
(/usr/local/texlive/2019/texmf-dist/tex/latex/base/article.cls
Document Class: article 2018/09/03 v1.4i Standard LaTeX document class
(/usr/local/texlive/2019/texmf-dist/tex/latex/base/size12.clo
File: size12.clo 2018/09/03 v1.4i Standard LaTeX file (size option)
)
\c@part=\count80
\c@section=\count81
\c@subsection=\count82
\c@subsubsection=\count83
\c@paragraph=\count84
\c@subparagraph=\count85
\c@figure=\count86
\c@table=\count87
\abovecaptionskip=\skip41
\belowcaptionskip=\skip42
\bibindent=\dimen103
) (/usr/local/texlive/2019/texmf-dist/tex/latex/graphics/graphicx.sty
Package: graphicx 2017/06/01 v1.1a Enhanced LaTeX Graphics (DPC,SPQR)
 (/usr/local/texlive/2019/texmf-dist/tex/latex/graphics/keyval.sty
Package: keyval 2014/10/28 v1.15 key=value parser (DPC)
\KV@toks@=\toks14
) (/usr/local/texlive/2019/texmf-dist/tex/latex/graphics/graphics.sty
Package: graphics 2017/06/25 v1.2c Standard LaTeX Graphics (DPC,SPQR)
 (/usr/local/texlive/2019/texmf-dist/tex/latex/graphics/trig.sty
Package: trig 2016/01/03 v1.10 sin cos tan (DPC)
) (/usr/local/texlive/2019/texmf-dist/tex/latex/graphics-cfg/graphics.cfg
File: graphics.cfg 2016/06/04 v1.11 sample graphics configuration
)
Package graphics Info: Driver file: pdftex.def on input line 99.
 (/usr/local/texlive/2019/texmf-dist/tex/latex/graphics-def/pdftex.def
File: pdftex.def 2018/01/08 v1.0l Graphics/color driver for pdftex
))
\Gin@req@height=\dimen104
\Gin@req@width=\dimen105
)
\c@tnote=\count88
\c@fnote=\count89
\c@cnote=\count90
\c@ead=\count91
\c@author=\count92
\@eadauthor=\toks15
\c@affn=\count93
\absbox=\box27
\elsarticlehighlightsbox=\box28
\elsarticlegrabsbox=\box29
\keybox=\box30
\Columnwidth=\dimen106
\space@left=\dimen107
\els@boxa=\box31
\els@boxb=\box32
\leftMargin=\dimen108
\@enLab=\toks16
\@sep=\skip43
\@@sep=\skip44
 (/Users/dennisdosso/Dropbox/paper di Dennis/IN CORSO/2020_PeerJ_Credit/2020_Elsevier_DSS/.texpadtmp/credit_distribution.spl) (/usr/local/texlive/2019/texmf-dist/tex/latex/natbib/natbib.sty
Package: natbib 2010/09/13 8.31b (PWD, AO)
\bibhang=\skip45
\bibsep=\skip46
LaTeX Info: Redefining \cite on input line 694.
\c@NAT@ctr=\count94
)
\splwrite=\write3
\openout3 = `credit_distribution.spl'.

\appnamewidth=\dimen109
) (./format.tex (/usr/local/texlive/2019/texmf-dist/tex/latex/amsfonts/amssymb.sty
Package: amssymb 2013/01/14 v3.01 AMS font symbols
 (/usr/local/texlive/2019/texmf-dist/tex/latex/amsfonts/amsfonts.sty
Package: amsfonts 2013/01/14 v3.01 Basic AMSFonts support
\@emptytoks=\toks17
\symAMSa=\mathgroup4
\symAMSb=\mathgroup5
LaTeX Font Info:    Overwriting math alphabet `\mathfrak' in version `bold'
(Font)                  U/euf/m/n --> U/euf/b/n on input line 106.
)) (/usr/local/texlive/2019/texmf-dist/tex/latex/amscls/amsthm.sty
Package: amsthm 2017/10/31 v2.20.4
\thm@style=\toks18
\thm@bodyfont=\toks19
\thm@headfont=\toks20
\thm@notefont=\toks21
\thm@headpunct=\toks22
\thm@preskip=\skip47
\thm@postskip=\skip48
\thm@headsep=\skip49
\dth@everypar=\toks23
LaTeX Info: Redefining \qed on input line 274.
) (/usr/local/texlive/2019/texmf-dist/tex/latex/amsmath/amsmath.sty
Package: amsmath 2018/12/01 v2.17b AMS math features
\@mathmargin=\skip50

For additional information on amsmath, use the `?' option.
(/usr/local/texlive/2019/texmf-dist/tex/latex/amsmath/amstext.sty
Package: amstext 2000/06/29 v2.01 AMS text
 (/usr/local/texlive/2019/texmf-dist/tex/latex/amsmath/amsgen.sty
File: amsgen.sty 1999/11/30 v2.0 generic functions
\@emptytoks=\toks24
\ex@=\dimen110
)) (/usr/local/texlive/2019/texmf-dist/tex/latex/amsmath/amsbsy.sty
Package: amsbsy 1999/11/29 v1.2d Bold Symbols
\pmbraise@=\dimen111
) (/usr/local/texlive/2019/texmf-dist/tex/latex/amsmath/amsopn.sty
Package: amsopn 2016/03/08 v2.02 operator names
)
\inf@bad=\count95
LaTeX Info: Redefining \frac on input line 223.
\uproot@=\count96
\leftroot@=\count97
LaTeX Info: Redefining \overline on input line 385.
\classnum@=\count98
\DOTSCASE@=\count99
LaTeX Info: Redefining \ldots on input line 482.
LaTeX Info: Redefining \dots on input line 485.
LaTeX Info: Redefining \cdots on input line 606.
\Mathstrutbox@=\box33
\strutbox@=\box34
\big@size=\dimen112
LaTeX Font Info:    Redeclaring font encoding OML on input line 729.
LaTeX Font Info:    Redeclaring font encoding OMS on input line 730.
\macc@depth=\count100
\c@MaxMatrixCols=\count101
\dotsspace@=\muskip10
\c@parentequation=\count102
\dspbrk@lvl=\count103
\tag@help=\toks25
\row@=\count104
\column@=\count105
\maxfields@=\count106
\andhelp@=\toks26
\eqnshift@=\dimen113
\alignsep@=\dimen114
\tagshift@=\dimen115
\tagwidth@=\dimen116
\totwidth@=\dimen117
\lineht@=\dimen118
\@envbody=\toks27
\multlinegap=\skip51
\multlinetaggap=\skip52
\mathdisplay@stack=\toks28
LaTeX Info: Redefining \[ on input line 2844.
LaTeX Info: Redefining \] on input line 2845.
) (/usr/local/texlive/2019/texmf-dist/tex/latex/lineno/lineno.sty
Package: lineno 2005/11/02 line numbers on paragraphs v4.41
\linenopenalty=\count107
\output=\toks29
\linenoprevgraf=\count108
\linenumbersep=\dimen119
\linenumberwidth=\dimen120
\c@linenumber=\count109
\c@pagewiselinenumber=\count110
\c@LN@truepage=\count111
\c@internallinenumber=\count112
\c@internallinenumbers=\count113
\quotelinenumbersep=\dimen121
\bframerule=\dimen122
\bframesep=\dimen123
\bframebox=\box35
LaTeX Info: Redefining \\ on input line 3056.
) (/usr/local/texlive/2019/texmf-dist/tex/latex/url/url.sty
\Urlmuskip=\muskip11
Package: url 2013/09/16  ver 3.4  Verb mode for urls, etc.
)
\c@definition=\count114
) (/Users/dennisdosso/Dropbox/paper di Dennis/IN CORSO/2020_PeerJ_Credit/2020_Elsevier_DSS/.texpadtmp/credit_distribution.aux)
\openout1 = `credit_distribution.aux'.

LaTeX Font Info:    Checking defaults for OML/cmm/m/it on input line 39.
LaTeX Font Info:    ... okay on input line 39.
LaTeX Font Info:    Checking defaults for T1/cmr/m/n on input line 39.
LaTeX Font Info:    ... okay on input line 39.
LaTeX Font Info:    Checking defaults for OT1/cmr/m/n on input line 39.
LaTeX Font Info:    ... okay on input line 39.
LaTeX Font Info:    Checking defaults for OMS/cmsy/m/n on input line 39.
LaTeX Font Info:    ... okay on input line 39.
LaTeX Font Info:    Checking defaults for OMX/cmex/m/n on input line 39.
LaTeX Font Info:    ... okay on input line 39.
LaTeX Font Info:    Checking defaults for U/cmr/m/n on input line 39.
LaTeX Font Info:    ... okay on input line 39.
 (/usr/local/texlive/2019/texmf-dist/tex/context/base/mkii/supp-pdf.mkii
[Loading MPS to PDF converter (version 2006.09.02).]
\scratchcounter=\count115
\scratchdimen=\dimen124
\scratchbox=\box36
\nofMPsegments=\count116
\nofMParguments=\count117
\everyMPshowfont=\toks30
\MPscratchCnt=\count118
\MPscratchDim=\dimen125
\MPnumerator=\count119
\makeMPintoPDFobject=\count120
\everyMPtoPDFconversion=\toks31
) (/usr/local/texlive/2019/texmf-dist/tex/latex/oberdiek/epstopdf-base.sty
Package: epstopdf-base 2016/05/15 v2.6 Base part for package epstopdf
 (/usr/local/texlive/2019/texmf-dist/tex/generic/oberdiek/infwarerr.sty
Package: infwarerr 2016/05/16 v1.4 Providing info/warning/error messages (HO)
) (/usr/local/texlive/2019/texmf-dist/tex/latex/oberdiek/grfext.sty
Package: grfext 2016/05/16 v1.2 Manage graphics extensions (HO)
 (/usr/local/texlive/2019/texmf-dist/tex/generic/oberdiek/kvdefinekeys.sty
Package: kvdefinekeys 2016/05/16 v1.4 Define keys (HO)
 (/usr/local/texlive/2019/texmf-dist/tex/generic/oberdiek/ltxcmds.sty
Package: ltxcmds 2016/05/16 v1.23 LaTeX kernel commands for general use (HO)
))) (/usr/local/texlive/2019/texmf-dist/tex/latex/oberdiek/kvoptions.sty
Package: kvoptions 2016/05/16 v3.12 Key value format for package options (HO)
 (/usr/local/texlive/2019/texmf-dist/tex/generic/oberdiek/kvsetkeys.sty
Package: kvsetkeys 2016/05/16 v1.17 Key value parser (HO)
 (/usr/local/texlive/2019/texmf-dist/tex/generic/oberdiek/etexcmds.sty
Package: etexcmds 2016/05/16 v1.6 Avoid name clashes with e-TeX commands (HO)
 (/usr/local/texlive/2019/texmf-dist/tex/generic/oberdiek/ifluatex.sty
Package: ifluatex 2016/05/16 v1.4 Provides the ifluatex switch (HO)
Package ifluatex Info: LuaTeX not detected.
)))) (/usr/local/texlive/2019/texmf-dist/tex/generic/oberdiek/pdftexcmds.sty
Package: pdftexcmds 2018/09/10 v0.29 Utility functions of pdfTeX for LuaTeX (HO)
 (/usr/local/texlive/2019/texmf-dist/tex/generic/oberdiek/ifpdf.sty
Package: ifpdf 2018/09/07 v3.3 Provides the ifpdf switch
)
Package pdftexcmds Info: LuaTeX not detected.
Package pdftexcmds Info: \pdf@primitive is available.
Package pdftexcmds Info: \pdf@ifprimitive is available.
Package pdftexcmds Info: \pdfdraftmode found.
)
Package epstopdf-base Info: Redefining graphics rule for `.eps' on input line 438.
Package grfext Info: Graphics extension search list:
(grfext)             [.pdf,.png,.jpg,.mps,.jpeg,.jbig2,.jb2,.PDF,.PNG,.JPG,.JPEG,.JBIG2,.JB2,.eps]
(grfext)             \AppendGraphicsExtensions on input line 456.
 (/usr/local/texlive/2019/texmf-dist/tex/latex/latexconfig/epstopdf-sys.cfg
File: epstopdf-sys.cfg 2010/07/13 v1.3 Configuration of (r)epstopdf for TeX Live
)) (./title.tex) (./abstract.tex
Overfull \hbox (6.88077pt too wide) in paragraph at lines 9--11
[]\OT1/cmr/m/n/12 We adopt as use case the IUPHAR/BPS Guide to Phar-ma-col-ogy (GtoPdb),
 []

)
LaTeX Font Info:    Try loading font information for U+msa on input line 48.
 (/usr/local/texlive/2019/texmf-dist/tex/latex/amsfonts/umsa.fd
File: umsa.fd 2013/01/14 v3.01 AMS symbols A
)
LaTeX Font Info:    Try loading font information for U+msb on input line 48.
 (/usr/local/texlive/2019/texmf-dist/tex/latex/amsfonts/umsb.fd
File: umsb.fd 2013/01/14 v3.01 AMS symbols B
)
Overfull \hbox (2.61108pt too wide) has occurred while \output is active
[] 
 []

[1


{/usr/local/texlive/2019/texmf-var/fonts/map/pdftex/updmap/pdftex.map}] (./section/introduction.tex
Overfull \hbox (16.28682pt too wide) in paragraph at lines 20--23
[]\OT1/cmr/m/n/12 Recently, the con-cepts of \OT1/cmr/m/it/12 data credit \OT1/cmr/m/n/12 and \OT1/cmr/m/it/12 Data Credit Dis-tri-bu-tion \OT1/cmr/m/n/12 (DCD) [[],
 []

[2] [3]
LaTeX Font Info:    Try loading font information for OMS+cmr on input line 46.
 (/usr/local/texlive/2019/texmf-dist/tex/latex/base/omscmr.fd
File: omscmr.fd 2014/09/29 v2.5h Standard LaTeX font definitions
)
LaTeX Font Info:    Font shape `OMS/cmr/m/n' in size <12> not available
(Font)              Font shape `OMS/cmsy/m/n' tried instead on input line 46.


LaTeX Warning: No positions in optional float specifier.
               Default added (so using `tbp') on input line 62.

<figures/overview.pdf, id=23, 1162.3425pt x 694.595pt>
File: figures/overview.pdf Graphic file (type pdf)
<use figures/overview.pdf>
Package pdftex.def Info: figures/overview.pdf  used on input line 64.
(pdftex.def)             Requested size: 331.50238pt x 198.09941pt.
[4] [5 <./figures/overview.pdf>] [6]
Overfull \hbox (16.89314pt too wide) in paragraph at lines 98--101
[]\OT1/cmr/m/n/12 As per eval-u-a-tion, we use a well-known cu-rated database, the IUPHAR/BPS[]
 []

[7]) (./section/related.tex [8]
Underfull \hbox (badness 10000) in paragraph at lines 31--31
[][]$\OT1/cmtt/m/n/10 https : / / medicine . missouri . edu / centers-[]institutes-[]labs /
 []

[9]
Overfull \hbox (4.46951pt too wide) in paragraph at lines 44--46
\OT1/cmr/m/n/12 pers'' can be cited, be-ing tra-di-tional pa-pers that de-scribe a database [[]]. 
 []

[10] [11] [12]) (./section/use_case.tex
<figures/iuphar_schema.pdf, id=97, 1071.00125pt x 737.75626pt>
File: figures/iuphar_schema.pdf Graphic file (type pdf)
<use figures/iuphar_schema.pdf>
Package pdftex.def Info: figures/iuphar_schema.pdf  used on input line 6.
(pdftex.def)             Requested size: 350.99762pt x 241.78299pt.
 [13] [14 <./figures/iuphar_schema.pdf>]

LaTeX Warning: No positions in optional float specifier.
               Default added (so using `tbp') on input line 20.

<figures/family_structure.pdf, id=123, 1182.4175pt x 735.74875pt>
File: figures/family_structure.pdf Graphic file (type pdf)
<use figures/family_structure.pdf>
Package pdftex.def Info: figures/family_structure.pdf  used on input line 22.
(pdftex.def)             Requested size: 390.0pt x 242.67435pt.
[15 <./figures/family_structure.pdf>]
Overfull \hbox (36.36322pt too wide) in paragraph at lines 43--44
\OT1/cmr/m/n/12 GtoPdb il-lus-trates three re-la-tions: \OT1/cmtt/m/n/12 family\OT1/cmr/m/n/12 , \OT1/cmtt/m/n/12 contributor \OT1/cmr/m/n/12 and \OT1/cmtt/m/n/12 contributor2family\OT1/cmr/m/n/12 . 
 []


LaTeX Warning: No positions in optional float specifier.
               Default added (so using `tbp') on input line 50.

) (./section/preliminaries.tex [16]
Overfull \hbox (48.42522pt too wide) in paragraph at lines 14--14
[]\OT1/cmtt/m/n/12 FROM family AS f JOIN contributor2family AS c2f ON f.id = c2f.family_id[] 
 []

[17] [18]

LaTeX Warning: No positions in optional float specifier.
               Default added (so using `tbp') on input line 152.

) (./section/methods.tex [19] [20] [21]

LaTeX Warning: No positions in optional float specifier.
               Default added (so using `tbp') on input line 102.

<figures/why_distribution.pdf, id=191, 553.06625pt x 368.37625pt>
File: figures/why_distribution.pdf Graphic file (type pdf)
<use figures/why_distribution.pdf>
Package pdftex.def Info: figures/why_distribution.pdf  used on input line 104.
(pdftex.def)             Requested size: 175.49881pt x 116.89351pt.
[22 <./figures/why_distribution.pdf>] [23]
Overfull \hbox (48.42522pt too wide) in paragraph at lines 165--165
[]\OT1/cmtt/m/n/12 FROM family AS f JOIN contributor2family AS c2f ON f.id = c2f.family_id[] 
 []


LaTeX Warning: No positions in optional float specifier.
               Default added (so using `tbp') on input line 167.


Overfull \hbox (15.91806pt too wide) in paragraph at lines 169--180
 [] 
 []


LaTeX Warning: No positions in optional float specifier.
               Default added (so using `tbp') on input line 187.

<figures/how_distribution.pdf, id=298, 1666.225pt x 397.485pt>
File: figures/how_distribution.pdf Graphic file (type pdf)
<use figures/how_distribution.pdf>
Package pdftex.def Info: figures/how_distribution.pdf  used on input line 188.
(pdftex.def)             Requested size: 390.0pt x 93.03294pt.
) [24] (./section/experiments.tex
<figures/paper_based_comparison.png, id=302, 1807.75375pt x 1396.21625pt>
File: figures/paper_based_comparison.png Graphic file (type png)
<use figures/paper_based_comparison.png>
Package pdftex.def Info: figures/paper_based_comparison.png  used on input line 5.
(pdftex.def)             Requested size: 390.0pt x 301.20326pt.
 [25 <./figures/how_distribution.pdf>] [26 <./figures/paper_based_comparison.png>] [27] [28]
<figures/synthetic_queries.png, id=451, 1823.81375pt x 1387.1825pt>
File: figures/synthetic_queries.png Graphic file (type png)
<use figures/synthetic_queries.png>
Package pdftex.def Info: figures/synthetic_queries.png  used on input line 100.
(pdftex.def)             Requested size: 390.0pt x 296.62976pt.
 [29] [30 <./figures/synthetic_queries.png>]
<figures/synthetic_polynomials_2.png, id=458, 1814.78pt x 1392.20125pt>
File: figures/synthetic_polynomials_2.png Graphic file (type png)
<use figures/synthetic_polynomials_2.png>
Package pdftex.def Info: figures/synthetic_polynomials_2.png  used on input line 130.
(pdftex.def)             Requested size: 390.0pt x 299.18997pt.
 [31 <./figures/synthetic_polynomials_2.png>]
Overfull \hbox (4.03845pt too wide) detected at line 161
\OML/cmm/m/it/12 f[] \OT1/cmr/m/n/12 = []\OML/cmm/m/it/12 ; f[] \OT1/cmr/m/n/12 = []\OML/cmm/m/it/12 ; c\OT1/cmr/m/n/12 2\OML/cmm/m/it/12 f[] \OT1/cmr/m/n/12 = []\OML/cmm/m/it/12 ; c\OT1/cmr/m/n/12 2\OML/cmm/m/it/12 f[] \OT1/cmr/m/n/12 = []\OML/cmm/m/it/12 ; c\OT1/cmr/m/n/12 2\OML/cmm/m/it/12 f[] \OT1/cmr/m/n/12 = []\OML/cmm/m/it/12 ; c[] \OT1/cmr/m/n/12 = []\OML/cmm/m/it/12 ; c[] \OT1/cmr/m/n/12 = []\OML/cmm/m/it/12 ; c[] \OT1/cmr/m/n/12 = []
 []

[32]

LaTeX Warning: No positions in optional float specifier.
               Default added (so using `tbp') on input line 186.

<figures/radar_top_synthetic_enhanced.pdf, id=466, 463.7325pt x 356.33125pt>
File: figures/radar_top_synthetic_enhanced.pdf Graphic file (type pdf)
<use figures/radar_top_synthetic_enhanced.pdf>
Package pdftex.def Info: figures/radar_top_synthetic_enhanced.pdf  used on input line 188.
(pdftex.def)             Requested size: 312.00119pt x 239.74657pt.
[33]) (./section/conclusions.tex [34 <./figures/radar_top_synthetic_enhanced.pdf>] [35]) (/Users/dennisdosso/Dropbox/paper di Dennis/IN CORSO/2020_PeerJ_Credit/2020_Elsevier_DSS/.texpadtmp/credit_distribution.bbl [36]
Underfull \hbox (badness 1062) in paragraph at lines 30--33
[]\OT1/cmr/m/n/12 Baggerly, K. (2010).  Dis-close all data in pub-li-ca-tions.  \OT1/cmr/m/it/12 Na-ture\OT1/cmr/m/n/12 ,
 []

[37] [38] [39]
Underfull \hbox (badness 10000) in paragraph at lines 235--240
[]\OT1/cmr/m/n/12 Martone, M. (2014).  Joint dec-la-ra-tion of data ci-ta-tion
 []


Underfull \hbox (badness 10000) in paragraph at lines 235--240
\OT1/cmr/m/n/12 prin-ci-ples.  \OT1/cmr/m/it/12 FORCE11. San Diego CA. Data Ci-ta-tion Syn-
 []


Underfull \hbox (badness 10000) in paragraph at lines 235--240
\OT1/cmr/m/it/12 the-sis Group. doi: https://doi.org/10.25490/a97f-egyk, url:
 []

[40] [41]) [42] (/Users/dennisdosso/Dropbox/paper di Dennis/IN CORSO/2020_PeerJ_Credit/2020_Elsevier_DSS/.texpadtmp/credit_distribution.aux) ) 
Here is how much of TeX's memory you used:
 3602 strings out of 492616
 51023 string characters out of 6129480
 119715 words of memory out of 5000000
 7418 multiletter control sequences out of 15000+600000
 13300 words of font info for 53 fonts, out of 8000000 for 9000
 1141 hyphenation exceptions out of 8191
 41i,15n,30p,1070b,315s stack positions out of 5000i,500n,10000p,200000b,80000s
</usr/local/texlive/2019/texmf-dist/fonts/type1/public/amsfonts/cm/cmbx12.pfb></usr/local/texlive/2019/texmf-dist/fonts/type1/public/amsfonts/cm/cmbxti10.pfb></usr/local/texlive/2019/texmf-dist/fonts/type1/public/amsfonts/cm/cmex10.pfb></usr/local/texlive/2019/texmf-dist/fonts/type1/public/amsfonts/cm/cmmi10.pfb></usr/local/texlive/2019/texmf-dist/fonts/type1/public/amsfonts/cm/cmmi12.pfb></usr/local/texlive/2019/texmf-dist/fonts/type1/public/amsfonts/cm/cmmi8.pfb></usr/local/texlive/2019/texmf-dist/fonts/type1/public/amsfonts/cm/cmr10.pfb></usr/local/texlive/2019/texmf-dist/fonts/type1/public/amsfonts/cm/cmr12.pfb></usr/local/texlive/2019/texmf-dist/fonts/type1/public/amsfonts/cm/cmr17.pfb></usr/local/texlive/2019/texmf-dist/fonts/type1/public/amsfonts/cm/cmr7.pfb></usr/local/texlive/2019/texmf-dist/fonts/type1/public/amsfonts/cm/cmr8.pfb></usr/local/texlive/2019/texmf-dist/fonts/type1/public/amsfonts/cm/cmss8.pfb></usr/local/texlive/2019/texmf-dist/fonts/type1/public/amsfonts/cm/cmsy10.pfb></usr/local/texlive/2019/texmf-dist/fonts/type1/public/amsfonts/cm/cmsy8.pfb></usr/local/texlive/2019/texmf-dist/fonts/type1/public/amsfonts/cm/cmti10.pfb></usr/local/texlive/2019/texmf-dist/fonts/type1/public/amsfonts/cm/cmti12.pfb></usr/local/texlive/2019/texmf-dist/fonts/type1/public/amsfonts/cm/cmti7.pfb></usr/local/texlive/2019/texmf-dist/fonts/type1/public/amsfonts/cm/cmtt10.pfb></usr/local/texlive/2019/texmf-dist/fonts/type1/public/amsfonts/cm/cmtt12.pfb></usr/local/texlive/2019/texmf-dist/fonts/type1/public/amsfonts/cm/cmtt8.pfb></usr/local/texlive/2019/texmf-dist/fonts/type1/public/amsfonts/symbols/msbm10.pfb>
Output written on "/Users/dennisdosso/Dropbox/paper di Dennis/IN CORSO/2020_PeerJ_Credit/2020_Elsevier_DSS/.texpadtmp/credit_distribution.pdf" (42 pages, 1381744 bytes).
PDF statistics:
 586 PDF objects out of 1000 (max. 8388607)
 446 compressed objects within 5 object streams
 0 named destinations out of 1000 (max. 500000)
 46 words of extra memory for PDF output out of 10000 (max. 10000000)

